This file contains any messages produced by compilers while
running configure, to aid debugging if configure makes a mistake.

It was created by libepp-nicbr configure 1.8, which was
generated by GNU Autoconf 2.62.  Invocation command line was

  $ configure 

## --------- ##
## Platform. ##
## --------- ##

hostname = DESKTOP-M69S51S
uname -m = x86_64
uname -r = 5.10.60.1-microsoft-standard-WSL2
uname -s = Linux
uname -v = #1 SMP Wed Aug 25 23:20:18 UTC 2021

/usr/bin/uname -p = unknown
/bin/uname -X     = unknown

/bin/arch              = unknown
/usr/bin/arch -k       = unknown
/usr/convex/getsysinfo = unknown
/usr/bin/hostinfo      = unknown
/bin/machine           = unknown
/usr/bin/oslevel       = unknown
/bin/universe          = unknown

PATH: /usr/local/sbin
PATH: /usr/local/bin
PATH: /usr/sbin
PATH: /usr/bin
PATH: /sbin
PATH: /bin
PATH: /usr/games
PATH: /usr/local/games
PATH: /usr/lib/wsl/lib
PATH: /mnt/c/WINDOWS/system32
PATH: /mnt/c/WINDOWS
PATH: /mnt/c/WINDOWS/System32/Wbem
PATH: /mnt/c/WINDOWS/System32/WindowsPowerShell/v1.0/
PATH: /mnt/c/WINDOWS/System32/OpenSSH/
PATH: /mnt/c/Program Files/Microsoft SQL Server/150/Tools/Binn/
PATH: /mnt/c/Program Files/Microsoft SQL Server/Client SDK/ODBC/170/Tools/Binn/
PATH: /mnt/c/Program Files/k6/
PATH: /mnt/c/Program Files/Git/cmd
PATH: /mnt/c/Program Files/dotnet/
PATH: /mnt/c/Program Files/PowerShell/7/
PATH: /mnt/c/Users/Luis_/AppData/Local/Microsoft/WindowsApps
PATH: /mnt/c/Users/Luis_/.dotnet/tools
PATH: /mnt/c/Users/Luis_/AppData/Local/Programs/Microsoft VS Code/bin
PATH: /mnt/c/Program Files/JetBrains/CLion 2021.2.3/bin


## ----------- ##
## Core tests. ##
## ----------- ##

configure:1899: checking for a BSD-compatible install
configure:1967: result: /usr/bin/install -c
configure:1978: checking whether build environment is sane
configure:2021: result: yes
configure:2046: checking for a thread-safe mkdir -p
configure:2085: result: /bin/mkdir -p
configure:2098: checking for gawk
configure:2114: found /usr/bin/gawk
configure:2125: result: gawk
configure:2136: checking whether make sets $(MAKE)
configure:2158: result: yes
configure:2398: checking for gcc
configure:2414: found /usr/bin/gcc
configure:2425: result: gcc
configure:2663: checking for C compiler version
configure:2671: gcc --version >&5
gcc (Ubuntu 7.5.0-3ubuntu1~18.04) 7.5.0
Copyright (C) 2017 Free Software Foundation, Inc.
This is free software; see the source for copying conditions.  There is NO
warranty; not even for MERCHANTABILITY or FITNESS FOR A PARTICULAR PURPOSE.

configure:2675: $? = 0
configure:2682: gcc -v >&5
Using built-in specs.
COLLECT_GCC=gcc
COLLECT_LTO_WRAPPER=/usr/lib/gcc/x86_64-linux-gnu/7/lto-wrapper
OFFLOAD_TARGET_NAMES=nvptx-none
OFFLOAD_TARGET_DEFAULT=1
Target: x86_64-linux-gnu
Configured with: ../src/configure -v --with-pkgversion='Ubuntu 7.5.0-3ubuntu1~18.04' --with-bugurl=file:///usr/share/doc/gcc-7/README.Bugs --enable-languages=c,ada,c++,go,brig,d,fortran,objc,obj-c++ --prefix=/usr --with-gcc-major-version-only --program-suffix=-7 --program-prefix=x86_64-linux-gnu- --enable-shared --enable-linker-build-id --libexecdir=/usr/lib --without-included-gettext --enable-threads=posix --libdir=/usr/lib --enable-nls --enable-bootstrap --enable-clocale=gnu --enable-libstdcxx-debug --enable-libstdcxx-time=yes --with-default-libstdcxx-abi=new --enable-gnu-unique-object --disable-vtable-verify --enable-libmpx --enable-plugin --enable-default-pie --with-system-zlib --with-target-system-zlib --enable-objc-gc=auto --enable-multiarch --disable-werror --with-arch-32=i686 --with-abi=m64 --with-multilib-list=m32,m64,mx32 --enable-multilib --with-tune=generic --enable-offload-targets=nvptx-none --without-cuda-driver --enable-checking=release --build=x86_64-linux-gnu --host=x86_64-linux-gnu --target=x86_64-linux-gnu
Thread model: posix
gcc version 7.5.0 (Ubuntu 7.5.0-3ubuntu1~18.04) 
configure:2686: $? = 0
configure:2693: gcc -V >&5
gcc: error: unrecognized command line option '-V'
gcc: fatal error: no input files
compilation terminated.
configure:2697: $? = 1
configure:2720: checking for C compiler default output file name
configure:2742: gcc    conftest.c  >&5
configure:2746: $? = 0
configure:2784: result: a.out
configure:2801: checking whether the C compiler works
configure:2811: ./a.out
configure:2815: $? = 0
configure:2832: result: yes
configure:2839: checking whether we are cross compiling
configure:2841: result: no
configure:2844: checking for suffix of executables
configure:2851: gcc -o conftest    conftest.c  >&5
configure:2855: $? = 0
configure:2879: result: 
configure:2885: checking for suffix of object files
configure:2911: gcc -c   conftest.c >&5
configure:2915: $? = 0
configure:2938: result: o
configure:2942: checking whether we are using the GNU C compiler
configure:2971: gcc -c   conftest.c >&5
configure:2978: $? = 0
configure:2995: result: yes
configure:3004: checking whether gcc accepts -g
configure:3034: gcc -c -g  conftest.c >&5
configure:3041: $? = 0
configure:3142: result: yes
configure:3159: checking for gcc option to accept ISO C89
configure:3233: gcc  -c -g -O2  conftest.c >&5
configure:3240: $? = 0
configure:3263: result: none needed
configure:3292: checking for style of include used by make
configure:3320: result: GNU
configure:3345: checking dependency style of gcc
configure:3436: result: gcc3
configure:3456: checking how to run the C preprocessor
configure:3496: gcc -E  conftest.c
configure:3503: $? = 0
configure:3534: gcc -E  conftest.c
conftest.c:8:10: fatal error: ac_nonexistent.h: No such file or directory
 #include <ac_nonexistent.h>
          ^~~~~~~~~~~~~~~~~~
compilation terminated.
configure:3541: $? = 1
configure: failed program was:
| /* confdefs.h.  */
| #define PACKAGE_NAME "libepp-nicbr"
| #define PACKAGE_TARNAME "libepp-nicbr"
| #define PACKAGE_VERSION "1.8"
| #define PACKAGE_STRING "libepp-nicbr 1.8"
| #define PACKAGE_BUGREPORT ""
| /* end confdefs.h.  */
| #include <ac_nonexistent.h>
configure:3574: result: gcc -E
configure:3603: gcc -E  conftest.c
configure:3610: $? = 0
configure:3641: gcc -E  conftest.c
conftest.c:8:10: fatal error: ac_nonexistent.h: No such file or directory
 #include <ac_nonexistent.h>
          ^~~~~~~~~~~~~~~~~~
compilation terminated.
configure:3648: $? = 1
configure: failed program was:
| /* confdefs.h.  */
| #define PACKAGE_NAME "libepp-nicbr"
| #define PACKAGE_TARNAME "libepp-nicbr"
| #define PACKAGE_VERSION "1.8"
| #define PACKAGE_STRING "libepp-nicbr 1.8"
| #define PACKAGE_BUGREPORT ""
| /* end confdefs.h.  */
| #include <ac_nonexistent.h>
configure:3743: checking for g++
configure:3759: found /usr/bin/g++
configure:3770: result: g++
configure:3801: checking for C++ compiler version
configure:3809: g++ --version >&5
g++ (Ubuntu 7.5.0-3ubuntu1~18.04) 7.5.0
Copyright (C) 2017 Free Software Foundation, Inc.
This is free software; see the source for copying conditions.  There is NO
warranty; not even for MERCHANTABILITY or FITNESS FOR A PARTICULAR PURPOSE.

configure:3813: $? = 0
configure:3820: g++ -v >&5
Using built-in specs.
COLLECT_GCC=g++
COLLECT_LTO_WRAPPER=/usr/lib/gcc/x86_64-linux-gnu/7/lto-wrapper
OFFLOAD_TARGET_NAMES=nvptx-none
OFFLOAD_TARGET_DEFAULT=1
Target: x86_64-linux-gnu
Configured with: ../src/configure -v --with-pkgversion='Ubuntu 7.5.0-3ubuntu1~18.04' --with-bugurl=file:///usr/share/doc/gcc-7/README.Bugs --enable-languages=c,ada,c++,go,brig,d,fortran,objc,obj-c++ --prefix=/usr --with-gcc-major-version-only --program-suffix=-7 --program-prefix=x86_64-linux-gnu- --enable-shared --enable-linker-build-id --libexecdir=/usr/lib --without-included-gettext --enable-threads=posix --libdir=/usr/lib --enable-nls --enable-bootstrap --enable-clocale=gnu --enable-libstdcxx-debug --enable-libstdcxx-time=yes --with-default-libstdcxx-abi=new --enable-gnu-unique-object --disable-vtable-verify --enable-libmpx --enable-plugin --enable-default-pie --with-system-zlib --with-target-system-zlib --enable-objc-gc=auto --enable-multiarch --disable-werror --with-arch-32=i686 --with-abi=m64 --with-multilib-list=m32,m64,mx32 --enable-multilib --with-tune=generic --enable-offload-targets=nvptx-none --without-cuda-driver --enable-checking=release --build=x86_64-linux-gnu --host=x86_64-linux-gnu --target=x86_64-linux-gnu
Thread model: posix
gcc version 7.5.0 (Ubuntu 7.5.0-3ubuntu1~18.04) 
configure:3824: $? = 0
configure:3831: g++ -V >&5
g++: error: unrecognized command line option '-V'
g++: fatal error: no input files
compilation terminated.
configure:3835: $? = 1
configure:3838: checking whether we are using the GNU C++ compiler
configure:3867: g++ -c   conftest.cpp >&5
configure:3874: $? = 0
configure:3891: result: yes
configure:3900: checking whether g++ accepts -g
configure:3930: g++ -c -g  conftest.cpp >&5
configure:3937: $? = 0
configure:4038: result: yes
configure:4063: checking dependency style of g++
configure:4154: result: gcc3
configure:4174: checking how to run the C++ preprocessor
configure:4210: g++ -E  conftest.cpp
configure:4217: $? = 0
configure:4248: g++ -E  conftest.cpp
conftest.cpp:8:10: fatal error: ac_nonexistent.h: No such file or directory
 #include <ac_nonexistent.h>
          ^~~~~~~~~~~~~~~~~~
compilation terminated.
configure:4255: $? = 1
configure: failed program was:
| /* confdefs.h.  */
| #define PACKAGE_NAME "libepp-nicbr"
| #define PACKAGE_TARNAME "libepp-nicbr"
| #define PACKAGE_VERSION "1.8"
| #define PACKAGE_STRING "libepp-nicbr 1.8"
| #define PACKAGE_BUGREPORT ""
| /* end confdefs.h.  */
| #include <ac_nonexistent.h>
configure:4288: result: g++ -E
configure:4317: g++ -E  conftest.cpp
configure:4324: $? = 0
configure:4355: g++ -E  conftest.cpp
conftest.cpp:8:10: fatal error: ac_nonexistent.h: No such file or directory
 #include <ac_nonexistent.h>
          ^~~~~~~~~~~~~~~~~~
compilation terminated.
configure:4362: $? = 1
configure: failed program was:
| /* confdefs.h.  */
| #define PACKAGE_NAME "libepp-nicbr"
| #define PACKAGE_TARNAME "libepp-nicbr"
| #define PACKAGE_VERSION "1.8"
| #define PACKAGE_STRING "libepp-nicbr 1.8"
| #define PACKAGE_BUGREPORT ""
| /* end confdefs.h.  */
| #include <ac_nonexistent.h>
configure:4442: checking for ranlib
configure:4458: found /usr/bin/ranlib
configure:4469: result: ranlib
configure:4554: checking for grep that handles long lines and -e
configure:4614: result: /bin/grep
configure:4619: checking for egrep
configure:4683: result: /bin/grep -E
configure:4688: checking for ANSI C header files
configure:4718: g++ -c -O -pipe -DUSE_BR_ORG=1 -DUSE_BR_DOMAINS=1 -DUSE_BR_ORG=1 -DUSE_IP_MANAGEMENT=1 -I../include  -I/usr/local/include conftest.cpp >&5
configure:4725: $? = 0
configure:4824: g++ -o conftest -O -pipe -DUSE_BR_ORG=1 -DUSE_BR_DOMAINS=1 -DUSE_BR_ORG=1 -DUSE_IP_MANAGEMENT=1 -I../include  -I/usr/local/include  -L/usr/local/lib conftest.cpp  >&5
configure:4828: $? = 0
configure:4834: ./conftest
configure:4838: $? = 0
configure:4856: result: yes
configure:4880: checking for sys/types.h
configure:4901: g++ -c -O -pipe -DUSE_BR_ORG=1 -DUSE_BR_DOMAINS=1 -DUSE_BR_ORG=1 -DUSE_IP_MANAGEMENT=1 -I../include  -I/usr/local/include conftest.cpp >&5
configure:4908: $? = 0
configure:4925: result: yes
configure:4880: checking for sys/stat.h
configure:4901: g++ -c -O -pipe -DUSE_BR_ORG=1 -DUSE_BR_DOMAINS=1 -DUSE_BR_ORG=1 -DUSE_IP_MANAGEMENT=1 -I../include  -I/usr/local/include conftest.cpp >&5
configure:4908: $? = 0
configure:4925: result: yes
configure:4880: checking for stdlib.h
configure:4901: g++ -c -O -pipe -DUSE_BR_ORG=1 -DUSE_BR_DOMAINS=1 -DUSE_BR_ORG=1 -DUSE_IP_MANAGEMENT=1 -I../include  -I/usr/local/include conftest.cpp >&5
configure:4908: $? = 0
configure:4925: result: yes
configure:4880: checking for string.h
configure:4901: g++ -c -O -pipe -DUSE_BR_ORG=1 -DUSE_BR_DOMAINS=1 -DUSE_BR_ORG=1 -DUSE_IP_MANAGEMENT=1 -I../include  -I/usr/local/include conftest.cpp >&5
configure:4908: $? = 0
configure:4925: result: yes
configure:4880: checking for memory.h
configure:4901: g++ -c -O -pipe -DUSE_BR_ORG=1 -DUSE_BR_DOMAINS=1 -DUSE_BR_ORG=1 -DUSE_IP_MANAGEMENT=1 -I../include  -I/usr/local/include conftest.cpp >&5
configure:4908: $? = 0
configure:4925: result: yes
configure:4880: checking for strings.h
configure:4901: g++ -c -O -pipe -DUSE_BR_ORG=1 -DUSE_BR_DOMAINS=1 -DUSE_BR_ORG=1 -DUSE_IP_MANAGEMENT=1 -I../include  -I/usr/local/include conftest.cpp >&5
configure:4908: $? = 0
configure:4925: result: yes
configure:4880: checking for inttypes.h
configure:4901: g++ -c -O -pipe -DUSE_BR_ORG=1 -DUSE_BR_DOMAINS=1 -DUSE_BR_ORG=1 -DUSE_IP_MANAGEMENT=1 -I../include  -I/usr/local/include conftest.cpp >&5
configure:4908: $? = 0
configure:4925: result: yes
configure:4880: checking for stdint.h
configure:4901: g++ -c -O -pipe -DUSE_BR_ORG=1 -DUSE_BR_DOMAINS=1 -DUSE_BR_ORG=1 -DUSE_IP_MANAGEMENT=1 -I../include  -I/usr/local/include conftest.cpp >&5
configure:4908: $? = 0
configure:4925: result: yes
configure:4880: checking for unistd.h
configure:4901: g++ -c -O -pipe -DUSE_BR_ORG=1 -DUSE_BR_DOMAINS=1 -DUSE_BR_ORG=1 -DUSE_IP_MANAGEMENT=1 -I../include  -I/usr/local/include conftest.cpp >&5
configure:4908: $? = 0
configure:4925: result: yes
configure:4948: checking xercesc/dom/DOM.hpp usability
configure:4965: g++ -c -O -pipe -DUSE_BR_ORG=1 -DUSE_BR_DOMAINS=1 -DUSE_BR_ORG=1 -DUSE_IP_MANAGEMENT=1 -I../include  -I/usr/local/include conftest.cpp >&5
configure:4972: $? = 0
configure:4986: result: yes
configure:4990: checking xercesc/dom/DOM.hpp presence
configure:5005: g++ -E  -I/usr/local/include conftest.cpp
configure:5012: $? = 0
configure:5026: result: yes
configure:5054: checking for xercesc/dom/DOM.hpp
configure:5061: result: yes
configure:5109: checking openssl/bio.h usability
configure:5126: g++ -c -O -pipe -DUSE_BR_ORG=1 -DUSE_BR_DOMAINS=1 -DUSE_BR_ORG=1 -DUSE_IP_MANAGEMENT=1 -I../include  -I/usr/local/include conftest.cpp >&5
configure:5133: $? = 0
configure:5147: result: yes
configure:5151: checking openssl/bio.h presence
configure:5166: g++ -E  -I/usr/local/include conftest.cpp
configure:5173: $? = 0
configure:5187: result: yes
configure:5215: checking for openssl/bio.h
configure:5222: result: yes
configure:5234: checking for BIO_new_connect in -lssl
configure:5269: g++ -o conftest -O -pipe -DUSE_BR_ORG=1 -DUSE_BR_DOMAINS=1 -DUSE_BR_ORG=1 -DUSE_IP_MANAGEMENT=1 -I../include  -I/usr/local/include  -L/usr/local/lib conftest.cpp -lssl   >&5
/tmp/ccTBNlCP.o: In function `main':
conftest.cpp:(.text+0x5): undefined reference to `BIO_new_connect'
collect2: error: ld returned 1 exit status
configure:5276: $? = 1
configure: failed program was:
| /* confdefs.h.  */
| #define PACKAGE_NAME "libepp-nicbr"
| #define PACKAGE_TARNAME "libepp-nicbr"
| #define PACKAGE_VERSION "1.8"
| #define PACKAGE_STRING "libepp-nicbr 1.8"
| #define PACKAGE_BUGREPORT ""
| #define STDC_HEADERS 1
| #define HAVE_SYS_TYPES_H 1
| #define HAVE_SYS_STAT_H 1
| #define HAVE_STDLIB_H 1
| #define HAVE_STRING_H 1
| #define HAVE_MEMORY_H 1
| #define HAVE_STRINGS_H 1
| #define HAVE_INTTYPES_H 1
| #define HAVE_STDINT_H 1
| #define HAVE_UNISTD_H 1
| /* end confdefs.h.  */
| 
| /* Override any GCC internal prototype to avoid an error.
|    Use char because int might match the return type of a GCC
|    builtin and then its argument prototype would still apply.  */
| #ifdef __cplusplus
| extern "C"
| #endif
| char BIO_new_connect ();
| int
| main ()
| {
| return BIO_new_connect ();
|   ;
|   return 0;
| }
configure:5297: result: no
configure:5308: checking for BIO_new_connect in -lcrypto
configure:5343: g++ -o conftest -O -pipe -DUSE_BR_ORG=1 -DUSE_BR_DOMAINS=1 -DUSE_BR_ORG=1 -DUSE_IP_MANAGEMENT=1 -I../include  -I/usr/local/include  -L/usr/local/lib conftest.cpp -lcrypto   >&5
configure:5350: $? = 0
configure:5371: result: yes
configure:5433: checking cppunit/TestRunner.h usability
configure:5450: g++ -c -O -pipe -DUSE_BR_ORG=1 -DUSE_BR_DOMAINS=1 -DUSE_BR_ORG=1 -DUSE_IP_MANAGEMENT=1 -I../include  -I/usr/local/include conftest.cpp >&5
configure:5457: $? = 0
configure:5471: result: yes
configure:5475: checking cppunit/TestRunner.h presence
configure:5490: g++ -E  -I/usr/local/include conftest.cpp
configure:5497: $? = 0
configure:5511: result: yes
configure:5539: checking for cppunit/TestRunner.h
configure:5546: result: yes
configure:5570: checking for srandomdev
configure:5626: g++ -o conftest -O -pipe -DUSE_BR_ORG=1 -DUSE_BR_DOMAINS=1 -DUSE_BR_ORG=1 -DUSE_IP_MANAGEMENT=1 -I../include  -I/usr/local/include  -L/usr/local/lib conftest.cpp -lcrypto  >&5
/tmp/ccSDKYlm.o: In function `main':
conftest.cpp:(.text+0x5): undefined reference to `srandomdev'
collect2: error: ld returned 1 exit status
configure:5633: $? = 1
configure: failed program was:
| /* confdefs.h.  */
| #define PACKAGE_NAME "libepp-nicbr"
| #define PACKAGE_TARNAME "libepp-nicbr"
| #define PACKAGE_VERSION "1.8"
| #define PACKAGE_STRING "libepp-nicbr 1.8"
| #define PACKAGE_BUGREPORT ""
| #define STDC_HEADERS 1
| #define HAVE_SYS_TYPES_H 1
| #define HAVE_SYS_STAT_H 1
| #define HAVE_STDLIB_H 1
| #define HAVE_STRING_H 1
| #define HAVE_MEMORY_H 1
| #define HAVE_STRINGS_H 1
| #define HAVE_INTTYPES_H 1
| #define HAVE_STDINT_H 1
| #define HAVE_UNISTD_H 1
| #define HAVE_LIBCRYPTO 1
| /* end confdefs.h.  */
| /* Define srandomdev to an innocuous variant, in case <limits.h> declares srandomdev.
|    For example, HP-UX 11i <limits.h> declares gettimeofday.  */
| #define srandomdev innocuous_srandomdev
| 
| /* System header to define __stub macros and hopefully few prototypes,
|     which can conflict with char srandomdev (); below.
|     Prefer <limits.h> to <assert.h> if __STDC__ is defined, since
|     <limits.h> exists even on freestanding compilers.  */
| 
| #ifdef __STDC__
| # include <limits.h>
| #else
| # include <assert.h>
| #endif
| 
| #undef srandomdev
| 
| /* Override any GCC internal prototype to avoid an error.
|    Use char because int might match the return type of a GCC
|    builtin and then its argument prototype would still apply.  */
| #ifdef __cplusplus
| extern "C"
| #endif
| char srandomdev ();
| /* The GNU C library defines this for functions which it implements
|     to always fail with ENOSYS.  Some functions are actually named
|     something starting with __ and the normal name is an alias.  */
| #if defined __stub_srandomdev || defined __stub___srandomdev
| choke me
| #endif
| 
| int
| main ()
| {
| return srandomdev ();
|   ;
|   return 0;
| }
configure:5655: result: no
configure:5692: checking /usr/include/readline/readline.h usability
configure:5709: g++ -c -O -pipe -DUSE_BR_ORG=1 -DUSE_BR_DOMAINS=1 -DUSE_BR_ORG=1 -DUSE_IP_MANAGEMENT=1 -I../include  -I/usr/local/include conftest.cpp >&5
configure:5716: $? = 0
configure:5730: result: yes
configure:5734: checking /usr/include/readline/readline.h presence
configure:5749: g++ -E  -I/usr/local/include conftest.cpp
configure:5756: $? = 0
configure:5770: result: yes
configure:5798: checking for /usr/include/readline/readline.h
configure:5807: result: yes
configure:5834: checking /usr/include/readline/history.h usability
configure:5851: g++ -c -O -pipe -DUSE_BR_ORG=1 -DUSE_BR_DOMAINS=1 -DUSE_BR_ORG=1 -DUSE_IP_MANAGEMENT=1 -I../include  -I/usr/local/include conftest.cpp >&5
configure:5858: $? = 0
configure:5872: result: yes
configure:5876: checking /usr/include/readline/history.h presence
configure:5891: g++ -E  -I/usr/local/include conftest.cpp
configure:5898: $? = 0
configure:5912: result: yes
configure:5940: checking for /usr/include/readline/history.h
configure:5949: result: yes
configure:5965: checking for tgetnum in -lncurses
configure:6000: g++ -o conftest -O -pipe -DUSE_BR_ORG=1 -DUSE_BR_DOMAINS=1 -DUSE_BR_ORG=1 -DUSE_IP_MANAGEMENT=1 -I../include  -I/usr/local/include  -L/usr/local/lib conftest.cpp -lncurses  -lcrypto  >&5
configure:6007: $? = 0
configure:6028: result: yes
configure:6042: checking for readline in -lreadline
configure:6077: g++ -o conftest -O -pipe -DUSE_BR_ORG=1 -DUSE_BR_DOMAINS=1 -DUSE_BR_ORG=1 -DUSE_IP_MANAGEMENT=1 -I../include  -I/usr/local/include  -L/usr/local/lib conftest.cpp -lreadline  -lncurses -lcrypto  >&5
configure:6084: $? = 0
configure:6105: result: yes
configure:6269: creating ./config.status

## ---------------------- ##
## Running config.status. ##
## ---------------------- ##

This file was extended by libepp-nicbr config.status 1.8, which was
generated by GNU Autoconf 2.62.  Invocation command line was

  CONFIG_FILES    = 
  CONFIG_HEADERS  = 
  CONFIG_LINKS    = 
  CONFIG_COMMANDS = 
  $ ./config.status 

on DESKTOP-M69S51S

config.status:786: creating Makefile
config.status:786: creating lib/Makefile
config.status:786: creating src/shepp/Makefile
config.status:786: creating unit_test/Makefile
config.status:786: creating config.h
config.status:1060: executing depfiles commands
config.status:1060: executing schemasdir commands
config.status:1060: executing templatesdir commands
config.status:1060: executing sslcertdir commands

## ---------------- ##
## Cache variables. ##
## ---------------- ##

ac_cv_c_compiler_gnu=yes
ac_cv_cxx_compiler_gnu=yes
ac_cv_env_CCC_set=
ac_cv_env_CCC_value=
ac_cv_env_CC_set=
ac_cv_env_CC_value=
ac_cv_env_CFLAGS_set=
ac_cv_env_CFLAGS_value=
ac_cv_env_CPPFLAGS_set=
ac_cv_env_CPPFLAGS_value=
ac_cv_env_CPP_set=
ac_cv_env_CPP_value=
ac_cv_env_CXXCPP_set=
ac_cv_env_CXXCPP_value=
ac_cv_env_CXXFLAGS_set=
ac_cv_env_CXXFLAGS_value=
ac_cv_env_CXX_set=
ac_cv_env_CXX_value=
ac_cv_env_LDFLAGS_set=
ac_cv_env_LDFLAGS_value=
ac_cv_env_LIBS_set=
ac_cv_env_LIBS_value=
ac_cv_env_build_alias_set=
ac_cv_env_build_alias_value=
ac_cv_env_host_alias_set=
ac_cv_env_host_alias_value=
ac_cv_env_target_alias_set=
ac_cv_env_target_alias_value=
ac_cv_func_srandomdev=no
ac_cv_header__usr_include_readline_history_h=yes
ac_cv_header__usr_include_readline_readline_h=yes
ac_cv_header_cppunit_TestRunner_h=yes
ac_cv_header_inttypes_h=yes
ac_cv_header_memory_h=yes
ac_cv_header_openssl_bio_h=yes
ac_cv_header_stdc=yes
ac_cv_header_stdint_h=yes
ac_cv_header_stdlib_h=yes
ac_cv_header_string_h=yes
ac_cv_header_strings_h=yes
ac_cv_header_sys_stat_h=yes
ac_cv_header_sys_types_h=yes
ac_cv_header_unistd_h=yes
ac_cv_header_xercesc_dom_DOM_hpp=yes
ac_cv_lib_crypto_BIO_new_connect=yes
ac_cv_lib_ncurses_tgetnum=yes
ac_cv_lib_readline_readline=yes
ac_cv_lib_ssl_BIO_new_connect=no
ac_cv_objext=o
ac_cv_path_EGREP='/bin/grep -E'
ac_cv_path_GREP=/bin/grep
ac_cv_path_install='/usr/bin/install -c'
ac_cv_path_mkdir=/bin/mkdir
ac_cv_prog_AWK=gawk
ac_cv_prog_CPP='gcc -E'
ac_cv_prog_CXXCPP='g++ -E'
ac_cv_prog_ac_ct_CC=gcc
ac_cv_prog_ac_ct_CXX=g++
ac_cv_prog_ac_ct_RANLIB=ranlib
ac_cv_prog_cc_c89=
ac_cv_prog_cc_g=yes
ac_cv_prog_cxx_g=yes
ac_cv_prog_make_make_set=yes
am_cv_CC_dependencies_compiler_type=gcc3
am_cv_CXX_dependencies_compiler_type=gcc3

## ----------------- ##
## Output variables. ##
## ----------------- ##

ACLOCAL='${SHELL} /mnt/c/projects/lab/libepp-nicbr-1.8/config/missing --run aclocal-1.10'
AMDEPBACKSLASH='\'
AMDEP_FALSE='#'
AMDEP_TRUE=''
AMTAR='${SHELL} /mnt/c/projects/lab/libepp-nicbr-1.8/config/missing --run tar'
AUTOCONF='${SHELL} /mnt/c/projects/lab/libepp-nicbr-1.8/config/missing --run autoconf'
AUTOHEADER='${SHELL} /mnt/c/projects/lab/libepp-nicbr-1.8/config/missing --run autoheader'
AUTOMAKE='${SHELL} /mnt/c/projects/lab/libepp-nicbr-1.8/config/missing --run automake-1.10'
AWK='gawk'
CC='gcc'
CCDEPMODE='depmode=gcc3'
CFLAGS='-O -pipe -DUSE_BR_ORG=1 -DUSE_BR_DOMAINS=1 -DUSE_BR_ORG=1 -DUSE_IP_MANAGEMENT=1 -I../include'
CPP='gcc -E'
CPPFLAGS=' -I/usr/local/include'
CXX='g++'
CXXCPP='g++ -E'
CXXDEPMODE='depmode=gcc3'
CXXFLAGS='-O -pipe -DUSE_BR_ORG=1 -DUSE_BR_DOMAINS=1 -DUSE_BR_ORG=1 -DUSE_IP_MANAGEMENT=1 -I../include'
CYGPATH_W='echo'
DEFS='-DHAVE_CONFIG_H'
DEPDIR='.deps'
ECHO_C=''
ECHO_N='-n'
ECHO_T=''
EGREP='/bin/grep -E'
EXEEXT=''
GREP='/bin/grep'
INSTALL_DATA='${INSTALL} -m 644'
INSTALL_PROGRAM='${INSTALL}'
INSTALL_SCRIPT='${INSTALL}'
INSTALL_STRIP_PROGRAM='$(install_sh) -c -s'
LDFLAGS=' -L/usr/local/lib'
LIBOBJS=''
LIBS='-lreadline -lncurses -lcrypto '
LTLIBOBJS=''
MAKEINFO='${SHELL} /mnt/c/projects/lab/libepp-nicbr-1.8/config/missing --run makeinfo'
MKDIR_P='/bin/mkdir -p'
OBJEXT='o'
PACKAGE='libepp-nicbr'
PACKAGE_BUGREPORT=''
PACKAGE_NAME='libepp-nicbr'
PACKAGE_STRING='libepp-nicbr 1.8'
PACKAGE_TARNAME='libepp-nicbr'
PACKAGE_VERSION='1.8'
PATH_SEPARATOR=':'
RANLIB='ranlib'
SET_MAKE=''
SHELL='/bin/bash'
SHEPP_DIR='src/shepp'
STRIP=''
VERSION='1.8'
ac_ct_CC='gcc'
ac_ct_CXX='g++'
am__fastdepCC_FALSE='#'
am__fastdepCC_TRUE=''
am__fastdepCXX_FALSE='#'
am__fastdepCXX_TRUE=''
am__include='include'
am__isrc=''
am__leading_dot='.'
am__quote=''
am__tar='${AMTAR} chof - "$$tardir"'
am__untar='${AMTAR} xf -'
bindir='${exec_prefix}/bin'
build_alias=''
datadir='${datarootdir}'
datarootdir='${prefix}/share'
docdir='${datarootdir}/doc/${PACKAGE_TARNAME}'
dvidir='${docdir}'
exec_prefix='${prefix}'
host_alias=''
htmldir='${docdir}'
includedir='${prefix}/include'
infodir='${datarootdir}/info'
install_sh='$(SHELL) /mnt/c/projects/lab/libepp-nicbr-1.8/config/install-sh'
libdir='${exec_prefix}/lib'
libexecdir='${exec_prefix}/libexec'
localedir='${datarootdir}/locale'
localstatedir='${prefix}/var'
mandir='${datarootdir}/man'
mkdir_p='/bin/mkdir -p'
oldincludedir='/usr/include'
pdfdir='${docdir}'
prefix='/usr/local'
program_transform_name='s,x,x,'
psdir='${docdir}'
sbindir='${exec_prefix}/sbin'
sharedstatedir='${prefix}/com'
sysconfdir='${prefix}/etc'
target_alias=''

## ----------- ##
## confdefs.h. ##
## ----------- ##

#define PACKAGE_NAME "libepp-nicbr"
#define PACKAGE_TARNAME "libepp-nicbr"
#define PACKAGE_VERSION "1.8"
#define PACKAGE_STRING "libepp-nicbr 1.8"
#define PACKAGE_BUGREPORT ""
#define STDC_HEADERS 1
#define HAVE_SYS_TYPES_H 1
#define HAVE_SYS_STAT_H 1
#define HAVE_STDLIB_H 1
#define HAVE_STRING_H 1
#define HAVE_MEMORY_H 1
#define HAVE_STRINGS_H 1
#define HAVE_INTTYPES_H 1
#define HAVE_STDINT_H 1
#define HAVE_UNISTD_H 1
#define HAVE_LIBCRYPTO 1
#define HAVE_LIBNCURSES 1
#define HAVE_LIBREADLINE 1

configure: exit 0
